<?xml version="1.0" encoding="UTF-8"?>
<!-- Generated by org.testng.reporters.JUnitReportReporter -->
<testsuite hostname="DESKTOP-RAD7ACU" failures="0" tests="1" name="testCases.VerifyBrowserInitialization" time="0.016" errors="0" timestamp="2023-05-17T11:52:13 IST" skipped="0">
  <testcase classname="testCases.VerifyBrowserInitialization" name="openBrowser" time="0.016"/>
  <system-out/>
</testsuite> <!-- testCases.VerifyBrowserInitialization -->
