<?xml version="1.0" encoding="UTF-8"?>
<!-- Generated by org.testng.reporters.JUnitReportReporter -->
<testsuite hostname="DESKTOP-RAD7ACU" failures="0" tests="1" name="testCases.VerifyURLLaunching" time="0.039" errors="0" timestamp="2023-05-17T18:28:46 IST" skipped="0">
  <testcase classname="testCases.VerifyURLLaunching" name="openBrowser" time="0.039"/>
  <system-out/>
</testsuite> <!-- testCases.VerifyURLLaunching -->
